ERROR - 2024-02-27 08:41:10 --> Error connecting to the database: Access denied for user ''@'localhost' (using password: NO)
CRITICAL - 2024-02-27 08:41:10 --> Unable to connect to the database.
Main connection [MySQLi]: Access denied for user ''@'localhost' (using password: NO)
#0 C:\xampp\htdocs\stipenbaru\system\Database\BaseConnection.php(577): CodeIgniter\Database\BaseConnection->initialize()
#1 C:\xampp\htdocs\stipenbaru\system\Database\BaseBuilder.php(1588): CodeIgniter\Database\BaseConnection->query('SELECT *\nFROM `...', Array, false)
#2 C:\xampp\htdocs\stipenbaru\app\Models\M_model.php(396): CodeIgniter\Database\BaseBuilder->getWhere(Array)
#3 C:\xampp\htdocs\stipenbaru\app\Controllers\Home.php(49): App\Models\M_model->getarray('user', Array)
#4 C:\xampp\htdocs\stipenbaru\system\CodeIgniter.php(832): App\Controllers\Home->aksi_login()
#5 C:\xampp\htdocs\stipenbaru\system\CodeIgniter.php(419): CodeIgniter\CodeIgniter->runController(Object(App\Controllers\Home))
#6 C:\xampp\htdocs\stipenbaru\system\CodeIgniter.php(326): CodeIgniter\CodeIgniter->handleRequest(NULL, Object(Config\Cache), false)
#7 C:\xampp\htdocs\stipenbaru\public\index.php(37): CodeIgniter\CodeIgniter->run()
#8 C:\xampp\htdocs\stipenbaru\system\Commands\Server\rewrite.php(43): require_once('C:\\xampp\\htdocs...')
#9 {main}
ERROR - 2024-02-27 08:43:18 --> Error connecting to the database: Access denied for user ''@'localhost' (using password: NO)
CRITICAL - 2024-02-27 08:43:18 --> Unable to connect to the database.
Main connection [MySQLi]: Access denied for user ''@'localhost' (using password: NO)
#0 C:\xampp\htdocs\stipenbaru\system\Database\BaseConnection.php(577): CodeIgniter\Database\BaseConnection->initialize()
#1 C:\xampp\htdocs\stipenbaru\system\Database\BaseBuilder.php(1588): CodeIgniter\Database\BaseConnection->query('SELECT *\nFROM `...', Array, false)
#2 C:\xampp\htdocs\stipenbaru\app\Models\M_model.php(396): CodeIgniter\Database\BaseBuilder->getWhere(Array)
#3 C:\xampp\htdocs\stipenbaru\app\Controllers\Home.php(49): App\Models\M_model->getarray('user', Array)
#4 C:\xampp\htdocs\stipenbaru\system\CodeIgniter.php(832): App\Controllers\Home->aksi_login()
#5 C:\xampp\htdocs\stipenbaru\system\CodeIgniter.php(419): CodeIgniter\CodeIgniter->runController(Object(App\Controllers\Home))
#6 C:\xampp\htdocs\stipenbaru\system\CodeIgniter.php(326): CodeIgniter\CodeIgniter->handleRequest(NULL, Object(Config\Cache), false)
#7 C:\xampp\htdocs\stipenbaru\public\index.php(37): CodeIgniter\CodeIgniter->run()
#8 C:\xampp\htdocs\stipenbaru\system\Commands\Server\rewrite.php(43): require_once('C:\\xampp\\htdocs...')
#9 {main}
